PayPal\Auth\OAuthTokenCredential: Starting logging of baseEndpoint properties --- 
PayPal\Auth\OAuthTokenCredential:  --- 
PayPal\Auth\OAuthTokenCredential: Ending logging of baseEndpoint properties
PayPal\Auth\OAuthTokenCredential: Config file still not working properly, defaulting the service.Endpoint to the paypal sandbox api call
PPHttpConnection: Adding header Authorization: Basic QVRia0VYbjN1UWNYLW9QOFU5cWp2ek1yeDZmaktCNWFSUDJuZWktLV9ZTTBVWDhOcTRpNmRrZE9qbjBpd19yUFJYbnZESmJwcmY0NDZ3bHo6RUdNRF9ZMTlLT0tYVGFieUtsSHdVMUpuTk56VWREOHFLX0d2M3IxaHZIaFAzM3cxQ1hXa1JvdWtHZ1ZpUUI5aUJIS3UwTEI2VlFMMzdZVUY=
PPHttpConnection: Adding header Accept: */*
PayPal\Auth\OAuthTokenCredential: Starting logging of baseEndpoint properties --- 
PayPal\Auth\OAuthTokenCredential:  --- 
PayPal\Auth\OAuthTokenCredential: Ending logging of baseEndpoint properties
PayPal\Auth\OAuthTokenCredential: Config file still not working properly, defaulting the service.Endpoint to the paypal sandbox api call
PPHttpConnection: Adding header Authorization: Basic QVRia0VYbjN1UWNYLW9QOFU5cWp2ek1yeDZmaktCNWFSUDJuZWktLV9ZTTBVWDhOcTRpNmRrZE9qbjBpd19yUFJYbnZESmJwcmY0NDZ3bHo6RUdNRF9ZMTlLT0tYVGFieUtsSHdVMUpuTk56VWREOHFLX0d2M3IxaHZIaFAzM3cxQ1hXa1JvdWtHZ1ZpUUI5aUJIS3UwTEI2VlFMMzdZVUY=
PPHttpConnection: Adding header Accept: */*
PayPal\Auth\OAuthTokenCredential: Starting logging of baseEndpoint properties --- 
PayPal\Auth\OAuthTokenCredential:  --- 
PayPal\Auth\OAuthTokenCredential: Ending logging of baseEndpoint properties
PayPal\Auth\OAuthTokenCredential: Config file still not working properly, defaulting the service.Endpoint to the paypal sandbox api call
PPHttpConnection: Adding header Authorization: Basic QVRia0VYbjN1UWNYLW9QOFU5cWp2ek1yeDZmaktCNWFSUDJuZWktLV9ZTTBVWDhOcTRpNmRrZE9qbjBpd19yUFJYbnZESmJwcmY0NDZ3bHo6RUdNRF9ZMTlLT0tYVGFieUtsSHdVMUpuTk56VWREOHFLX0d2M3IxaHZIaFAzM3cxQ1hXa1JvdWtHZ1ZpUUI5aUJIS3UwTEI2VlFMMzdZVUY=
PPHttpConnection: Adding header Accept: */*
PayPal\Auth\OAuthTokenCredential: Starting logging of baseEndpoint properties --- 
PayPal\Auth\OAuthTokenCredential:  --- 
PayPal\Auth\OAuthTokenCredential: Ending logging of baseEndpoint properties
PayPal\Auth\OAuthTokenCredential: Config file still not working properly, defaulting the service.Endpoint to the paypal sandbox api call
PPHttpConnection: Adding header Authorization: Basic QVRia0VYbjN1UWNYLW9QOFU5cWp2ek1yeDZmaktCNWFSUDJuZWktLV9ZTTBVWDhOcTRpNmRrZE9qbjBpd19yUFJYbnZESmJwcmY0NDZ3bHo6RUdNRF9ZMTlLT0tYVGFieUtsSHdVMUpuTk56VWREOHFLX0d2M3IxaHZIaFAzM3cxQ1hXa1JvdWtHZ1ZpUUI5aUJIS3UwTEI2VlFMMzdZVUY=
PPHttpConnection: Adding header Accept: */*
PayPal\Auth\OAuthTokenCredential: Starting logging of baseEndpoint properties --- 
PayPal\Auth\OAuthTokenCredential:  --- 
PayPal\Auth\OAuthTokenCredential: Ending logging of baseEndpoint properties
PayPal\Auth\OAuthTokenCredential: Config file still not working properly, defaulting the service.Endpoint to the paypal sandbox api call
PPHttpConnection: Adding header Authorization: Basic QVRia0VYbjN1UWNYLW9QOFU5cWp2ek1yeDZmaktCNWFSUDJuZWktLV9ZTTBVWDhOcTRpNmRrZE9qbjBpd19yUFJYbnZESmJwcmY0NDZ3bHo6RUdNRF9ZMTlLT0tYVGFieUtsSHdVMUpuTk56VWREOHFLX0d2M3IxaHZIaFAzM3cxQ1hXa1JvdWtHZ1ZpUUI5aUJIS3UwTEI2VlFMMzdZVUY=
PPHttpConnection: Adding header Accept: */*
